TN:
SF:/home/alan/dev/ptz/ptz-product-domain/dist-esnext/allErrors.js
FNF:0
FNH:0
DA:1,1
LF:1
LH:1
BRF:0
BRH:0
end_of_record
TN:
SF:/home/alan/dev/ptz/ptz-product-domain/dist-esnext/createProduct.js
FNF:0
FNH:0
DA:1,1
DA:2,1
DA:9,1
DA:18,1
LF:4
LH:4
BRF:0
BRH:0
end_of_record
TN:
SF:/home/alan/dev/ptz/ptz-product-domain/dist-esnext/index.js
FN:1,(anonymous_0)
FN:2,(anonymous_2)
FN:3,(anonymous_4)
FNF:3
FNH:3
FNDA:2,(anonymous_0)
FNDA:35,(anonymous_2)
FNDA:8,(anonymous_4)
DA:1,5
DA:2,39
DA:3,15
LF:3
LH:3
BRDA:1,0,0,3
BRDA:1,0,1,2
BRDA:2,1,0,3
BRDA:2,1,1,6
BRDA:3,2,0,7
BRDA:3,2,1,10
BRF:6
BRH:6
end_of_record
TN:
SF:/home/alan/dev/ptz/ptz-product-domain/dist-esnext/products.js
FNF:0
FNH:0
DA:2,1
DA:3,1
DA:8,1
DA:13,1
DA:18,1
DA:20,1
LF:6
LH:6
BRF:0
BRH:0
end_of_record
TN:
SF:/home/alan/dev/ptz/ptz-product-domain/dist-esnext/updateProduct.js
FN:6,updateProduct
FNF:1
FNH:1
FNDA:7,updateProduct
DA:6,21
DA:7,7
LF:2
LH:2
BRF:0
BRH:0
end_of_record
